<?xml version="1.0" encoding="UTF-8"?>
<robot generator="Robot 3.2.2 (Python 3.8.7 on win32)" generated="20210227 22:46:16.605" rpa="false">
<suite id="s1" name="Test" source="C:\Users\stp26\Desktop\robotFrame\proj1\test\test.robot">
<test id="s1-t1" name="Go To homepage">
<kw name="Open Browser" library="SeleniumLibrary">
<doc>Opens a new browser instance to the optional ``url``.</doc>
<arguments>
<arg>${HOMEPAGE}</arg>
<arg>${BROWSER}</arg>
</arguments>
<msg timestamp="20210227 22:46:16.749" level="INFO">Opening browser 'Chrome' to base url 'http://www.google.com/?hl=th'.</msg>
<status status="PASS" starttime="20210227 22:46:16.748" endtime="20210227 22:46:19.234"></status>
</kw>
<status status="PASS" starttime="20210227 22:46:16.748" endtime="20210227 22:46:19.234" critical="yes"></status>
</test>
<status status="PASS" starttime="20210227 22:46:16.606" endtime="20210227 22:46:19.234"></status>
</suite>
<statistics>
<total>
<stat pass="1" fail="0">Critical Tests</stat>
<stat pass="1" fail="0">All Tests</stat>
</total>
<tag>
</tag>
<suite>
<stat pass="1" fail="0" id="s1" name="Test">Test</stat>
</suite>
</statistics>
<errors>
</errors>
</robot>
